<?xml version="1.0" encoding="UTF-8"?>
<testng-results ignored="0" total="3" passed="3" failed="0" skipped="0">
  <reporter-output>
  </reporter-output>
  <suite started-at="2023-08-15T11:22:54Z" name="Suite" finished-at="2023-08-15T11:23:47Z" duration-ms="52242">
    <groups>
    </groups>
    <test started-at="2023-08-15T11:22:54Z" name="Test" finished-at="2023-08-15T11:23:47Z" duration-ms="52242">
      <class name="testcases.LoginTest">
        <test-method is-config="true" signature="ReportSetup()[pri:0, instance:testcases.LoginTest@46b61c56]" started-at="2023-08-15T11:22:54Z" name="ReportSetup" finished-at="2023-08-15T11:22:55Z" duration-ms="411" status="PASS">
          <reporter-output>
          </reporter-output>
        </test-method> <!-- ReportSetup -->
        <test-method is-config="true" signature="SetUp(java.lang.reflect.Method)[pri:0, instance:testcases.LoginTest@46b61c56]" started-at="2023-08-15T11:22:55Z" name="SetUp" finished-at="2023-08-15T11:22:57Z" duration-ms="1696" status="PASS">
          <params>
            <param index="0">
              <value>
                <![CDATA[public void testcases.LoginTest.test1() throws java.lang.InterruptedException]]>
              </value>
            </param>
          </params>
          <reporter-output>
          </reporter-output>
        </test-method> <!-- SetUp -->
        <test-method signature="test1()[pri:0, instance:testcases.LoginTest@46b61c56]" started-at="2023-08-15T11:22:57Z" name="test1" finished-at="2023-08-15T11:23:06Z" duration-ms="9885" status="PASS">
          <reporter-output>
          </reporter-output>
        </test-method> <!-- test1 -->
        <test-method is-config="true" signature="TearDown()[pri:0, instance:testcases.LoginTest@46b61c56]" started-at="2023-08-15T11:23:06Z" name="TearDown" finished-at="2023-08-15T11:23:09Z" duration-ms="2522" status="PASS">
          <reporter-output>
          </reporter-output>
        </test-method> <!-- TearDown -->
        <test-method is-config="true" signature="SetUp(java.lang.reflect.Method)[pri:0, instance:testcases.LoginTest@46b61c56]" started-at="2023-08-15T11:23:09Z" name="SetUp" finished-at="2023-08-15T11:23:10Z" duration-ms="1381" status="PASS">
          <params>
            <param index="0">
              <value>
                <![CDATA[public void testcases.LoginTest.test2() throws java.lang.InterruptedException]]>
              </value>
            </param>
          </params>
          <reporter-output>
          </reporter-output>
        </test-method> <!-- SetUp -->
        <test-method signature="test2()[pri:0, instance:testcases.LoginTest@46b61c56]" started-at="2023-08-15T11:23:10Z" name="test2" finished-at="2023-08-15T11:23:29Z" duration-ms="18443" status="PASS">
          <reporter-output>
          </reporter-output>
        </test-method> <!-- test2 -->
        <test-method is-config="true" signature="TearDown()[pri:0, instance:testcases.LoginTest@46b61c56]" started-at="2023-08-15T11:23:29Z" name="TearDown" finished-at="2023-08-15T11:23:31Z" duration-ms="2153" status="PASS">
          <reporter-output>
          </reporter-output>
        </test-method> <!-- TearDown -->
        <test-method is-config="true" signature="SetUp(java.lang.reflect.Method)[pri:0, instance:testcases.LoginTest@46b61c56]" started-at="2023-08-15T11:23:31Z" name="SetUp" finished-at="2023-08-15T11:23:33Z" duration-ms="1628" status="PASS">
          <params>
            <param index="0">
              <value>
                <![CDATA[public void testcases.LoginTest.test4() throws com.codoid.products.exception.FilloException,java.lang.InterruptedException]]>
              </value>
            </param>
          </params>
          <reporter-output>
          </reporter-output>
        </test-method> <!-- SetUp -->
        <test-method signature="test4()[pri:0, instance:testcases.LoginTest@46b61c56]" started-at="2023-08-15T11:23:33Z" name="test4" finished-at="2023-08-15T11:23:44Z" duration-ms="11782" status="PASS">
          <reporter-output>
          </reporter-output>
        </test-method> <!-- test4 -->
        <test-method is-config="true" signature="TearDown()[pri:0, instance:testcases.LoginTest@46b61c56]" started-at="2023-08-15T11:23:44Z" name="TearDown" finished-at="2023-08-15T11:23:46Z" duration-ms="2143" status="PASS">
          <reporter-output>
          </reporter-output>
        </test-method> <!-- TearDown -->
        <test-method is-config="true" signature="ReportClean()[pri:0, instance:testcases.LoginTest@46b61c56]" started-at="2023-08-15T11:23:46Z" name="ReportClean" finished-at="2023-08-15T11:23:47Z" duration-ms="185" status="PASS">
          <reporter-output>
          </reporter-output>
        </test-method> <!-- ReportClean -->
      </class> <!-- testcases.LoginTest -->
    </test> <!-- Test -->
  </suite> <!-- Suite -->
</testng-results>
